[2019-04-08 06:41:11] local.ERROR: PDOException: PDO::__construct(): php_network_getaddresses: getaddrinfo failed: Name or service not known in /home/tran.van.my/Desktop/Framgia/web/DOANTT/vendor/doctrine/dbal/lib/Doctrine/DBAL/Driver/PDOConnection.php:46
Stack trace:
#0 /home/tran.van.my/Desktop/Framgia/web/DOANTT/vendor/doctrine/dbal/lib/Doctrine/DBAL/Driver/PDOConnection.php(46): PDO->__construct('mysql:host=mysq...', 'root', 'root', Array)
#1 /home/tran.van.my/Desktop/Framgia/web/DOANTT/vendor/laravel/framework/src/Illuminate/Database/Connectors/Connector.php(65): Doctrine\DBAL\Driver\PDOConnection->__construct('mysql:host=mysq...', 'root', 'root', Array)
#2 /home/tran.van.my/Desktop/Framgia/web/DOANTT/vendor/laravel/framework/src/Illuminate/Database/Connectors/Connector.php(44): Illuminate\Database\Connectors\Connector->createPdoConnection('mysql:host=mysq...', 'root', 'root', Array)
#3 /home/tran.van.my/Desktop/Framgia/web/DOANTT/vendor/laravel/framework/src/Illuminate/Database/Connectors/MySqlConnector.php(24): Illuminate\Database\Connectors\Connector->createConnection('mysql:host=mysq...', Array, Array)
#4 /home/tran.van.my/Desktop/Framgia/web/DOANTT/vendor/laravel/framework/src/Illuminate/Database/Connectors/ConnectionFactory.php(183): Illuminate\Database\Connectors\MySqlConnector->connect(Array)
#5 [internal function]: Illuminate\Database\Connectors\ConnectionFactory->Illuminate\Database\Connectors\{closure}()
#6 /home/tran.van.my/Desktop/Framgia/web/DOANTT/vendor/laravel/framework/src/Illuminate/Database/Connection.php(883): call_user_func(Object(Closure))
#7 /home/tran.van.my/Desktop/Framgia/web/DOANTT/vendor/laravel/framework/src/Illuminate/Database/Connection.php(904): Illuminate\Database\Connection->getPdo()
#8 /home/tran.van.my/Desktop/Framgia/web/DOANTT/vendor/laravel/framework/src/Illuminate/Database/Connection.php(392): Illuminate\Database\Connection->getReadPdo()
#9 /home/tran.van.my/Desktop/Framgia/web/DOANTT/vendor/laravel/framework/src/Illuminate/Database/Connection.php(318): Illuminate\Database\Connection->getPdoForSelect(true)
#10 /home/tran.van.my/Desktop/Framgia/web/DOANTT/vendor/laravel/framework/src/Illuminate/Database/Connection.php(640): Illuminate\Database\Connection->Illuminate\Database\{closure}('select * from `...', Array)
#11 /home/tran.van.my/Desktop/Framgia/web/DOANTT/vendor/laravel/framework/src/Illuminate/Database/Connection.php(607): Illuminate\Database\Connection->runQueryCallback('select * from `...', Array, Object(Closure))
#12 /home/tran.van.my/Desktop/Framgia/web/DOANTT/vendor/laravel/framework/src/Illuminate/Database/Connection.php(326): Illuminate\Database\Connection->run('select * from `...', Array, Object(Closure))
#13 /home/tran.van.my/Desktop/Framgia/web/DOANTT/vendor/laravel/framework/src/Illuminate/Database/Query/Builder.php(1705): Illuminate\Database\Connection->select('select * from `...', Array, true)
#14 /home/tran.van.my/Desktop/Framgia/web/DOANTT/vendor/laravel/framework/src/Illuminate/Database/Query/Builder.php(1690): Illuminate\Database\Query\Builder->runSelect()
#15 /home/tran.van.my/Desktop/Framgia/web/DOANTT/vendor/laravel/framework/src/Illuminate/Database/Eloquent/Builder.php(462): Illuminate\Database\Query\Builder->get(Array)
#16 /home/tran.van.my/Desktop/Framgia/web/DOANTT/vendor/laravel/framework/src/Illuminate/Database/Eloquent/Builder.php(446): Illuminate\Database\Eloquent\Builder->getModels(Array)
#17 /home/tran.van.my/Desktop/Framgia/web/DOANTT/app/Providers/AppServiceProvider.php(26): Illuminate\Database\Eloquent\Builder->get()
#18 [internal function]: App\Providers\AppServiceProvider->boot(Object(Illuminate\Http\Request))
#19 /home/tran.van.my/Desktop/Framgia/web/DOANTT/vendor/laravel/framework/src/Illuminate/Container/BoundMethod.php(29): call_user_func_array(Array, Array)
#20 /home/tran.van.my/Desktop/Framgia/web/DOANTT/vendor/laravel/framework/src/Illuminate/Container/BoundMethod.php(87): Illuminate\Container\BoundMethod::Illuminate\Container\{closure}()
#21 /home/tran.van.my/Desktop/Framgia/web/DOANTT/vendor/laravel/framework/src/Illuminate/Container/BoundMethod.php(31): Illuminate\Container\BoundMethod::callBoundMethod(Object(Illuminate\Foundation\Application), Array, Object(Closure))
#22 /home/tran.van.my/Desktop/Framgia/web/DOANTT/vendor/laravel/framework/src/Illuminate/Container/Container.php(539): Illuminate\Container\BoundMethod::call(Object(Illuminate\Foundation\Application), Array, Array, NULL)
#23 /home/tran.van.my/Desktop/Framgia/web/DOANTT/vendor/laravel/framework/src/Illuminate/Foundation/Application.php(788): Illuminate\Container\Container->call(Array)
#24 /home/tran.van.my/Desktop/Framgia/web/DOANTT/vendor/laravel/framework/src/Illuminate/Foundation/Application.php(771): Illuminate\Foundation\Application->bootProvider(Object(App\Providers\AppServiceProvider))
#25 [internal function]: Illuminate\Foundation\Application->Illuminate\Foundation\{closure}(Object(App\Providers\AppServiceProvider), 16)
#26 /home/tran.van.my/Desktop/Framgia/web/DOANTT/vendor/laravel/framework/src/Illuminate/Foundation/Application.php(772): array_walk(Array, Object(Closure))
#27 /home/tran.van.my/Desktop/Framgia/web/DOANTT/vendor/laravel/framework/src/Illuminate/Foundation/Bootstrap/BootProviders.php(17): Illuminate\Foundation\Application->boot()
#28 /home/tran.van.my/Desktop/Framgia/web/DOANTT/vendor/laravel/framework/src/Illuminate/Foundation/Application.php(208): Illuminate\Foundation\Bootstrap\BootProviders->bootstrap(Object(Illuminate\Foundation\Application))
#29 /home/tran.van.my/Desktop/Framgia/web/DOANTT/vendor/laravel/framework/src/Illuminate/Foundation/Console/Kernel.php(267): Illuminate\Foundation\Application->bootstrapWith(Array)
#30 /home/tran.van.my/Desktop/Framgia/web/DOANTT/vendor/laravel/framework/src/Illuminate/Foundation/Console/Kernel.php(114): Illuminate\Foundation\Console\Kernel->bootstrap()
#31 /home/tran.van.my/Desktop/Framgia/web/DOANTT/artisan(35): Illuminate\Foundation\Console\Kernel->handle(Object(Symfony\Component\Console\Input\ArgvInput), Object(Symfony\Component\Console\Output\ConsoleOutput))
#32 {main}

Next PDOException: SQLSTATE[HY000] [2002] php_network_getaddresses: getaddrinfo failed: Name or service not known in /home/tran.van.my/Desktop/Framgia/web/DOANTT/vendor/doctrine/dbal/lib/Doctrine/DBAL/Driver/PDOConnection.php:46
Stack trace:
#0 /home/tran.van.my/Desktop/Framgia/web/DOANTT/vendor/doctrine/dbal/lib/Doctrine/DBAL/Driver/PDOConnection.php(46): PDO->__construct('mysql:host=mysq...', 'root', 'root', Array)
#1 /home/tran.van.my/Desktop/Framgia/web/DOANTT/vendor/laravel/framework/src/Illuminate/Database/Connectors/Connector.php(65): Doctrine\DBAL\Driver\PDOConnection->__construct('mysql:host=mysq...', 'root', 'root', Array)
#2 /home/tran.van.my/Desktop/Framgia/web/DOANTT/vendor/laravel/framework/src/Illuminate/Database/Connectors/Connector.php(44): Illuminate\Database\Connectors\Connector->createPdoConnection('mysql:host=mysq...', 'root', 'root', Array)
#3 /home/tran.van.my/Desktop/Framgia/web/DOANTT/vendor/laravel/framework/src/Illuminate/Database/Connectors/MySqlConnector.php(24): Illuminate\Database\Connectors\Connector->createConnection('mysql:host=mysq...', Array, Array)
#4 /home/tran.van.my/Desktop/Framgia/web/DOANTT/vendor/laravel/framework/src/Illuminate/Database/Connectors/ConnectionFactory.php(183): Illuminate\Database\Connectors\MySqlConnector->connect(Array)
#5 [internal function]: Illuminate\Database\Connectors\ConnectionFactory->Illuminate\Database\Connectors\{closure}()
#6 /home/tran.van.my/Desktop/Framgia/web/DOANTT/vendor/laravel/framework/src/Illuminate/Database/Connection.php(883): call_user_func(Object(Closure))
#7 /home/tran.van.my/Desktop/Framgia/web/DOANTT/vendor/laravel/framework/src/Illuminate/Database/Connection.php(904): Illuminate\Database\Connection->getPdo()
#8 /home/tran.van.my/Desktop/Framgia/web/DOANTT/vendor/laravel/framework/src/Illuminate/Database/Connection.php(392): Illuminate\Database\Connection->getReadPdo()
#9 /home/tran.van.my/Desktop/Framgia/web/DOANTT/vendor/laravel/framework/src/Illuminate/Database/Connection.php(318): Illuminate\Database\Connection->getPdoForSelect(true)
#10 /home/tran.van.my/Desktop/Framgia/web/DOANTT/vendor/laravel/framework/src/Illuminate/Database/Connection.php(640): Illuminate\Database\Connection->Illuminate\Database\{closure}('select * from `...', Array)
#11 /home/tran.van.my/Desktop/Framgia/web/DOANTT/vendor/laravel/framework/src/Illuminate/Database/Connection.php(607): Illuminate\Database\Connection->runQueryCallback('select * from `...', Array, Object(Closure))
#12 /home/tran.van.my/Desktop/Framgia/web/DOANTT/vendor/laravel/framework/src/Illuminate/Database/Connection.php(326): Illuminate\Database\Connection->run('select * from `...', Array, Object(Closure))
#13 /home/tran.van.my/Desktop/Framgia/web/DOANTT/vendor/laravel/framework/src/Illuminate/Database/Query/Builder.php(1705): Illuminate\Database\Connection->select('select * from `...', Array, true)
#14 /home/tran.van.my/Desktop/Framgia/web/DOANTT/vendor/laravel/framework/src/Illuminate/Database/Query/Builder.php(1690): Illuminate\Database\Query\Builder->runSelect()
#15 /home/tran.van.my/Desktop/Framgia/web/DOANTT/vendor/laravel/framework/src/Illuminate/Database/Eloquent/Builder.php(462): Illuminate\Database\Query\Builder->get(Array)
#16 /home/tran.van.my/Desktop/Framgia/web/DOANTT/vendor/laravel/framework/src/Illuminate/Database/Eloquent/Builder.php(446): Illuminate\Database\Eloquent\Builder->getModels(Array)
#17 /home/tran.van.my/Desktop/Framgia/web/DOANTT/app/Providers/AppServiceProvider.php(26): Illuminate\Database\Eloquent\Builder->get()
#18 [internal function]: App\Providers\AppServiceProvider->boot(Object(Illuminate\Http\Request))
#19 /home/tran.van.my/Desktop/Framgia/web/DOANTT/vendor/laravel/framework/src/Illuminate/Container/BoundMethod.php(29): call_user_func_array(Array, Array)
#20 /home/tran.van.my/Desktop/Framgia/web/DOANTT/vendor/laravel/framework/src/Illuminate/Container/BoundMethod.php(87): Illuminate\Container\BoundMethod::Illuminate\Container\{closure}()
#21 /home/tran.van.my/Desktop/Framgia/web/DOANTT/vendor/laravel/framework/src/Illuminate/Container/BoundMethod.php(31): Illuminate\Container\BoundMethod::callBoundMethod(Object(Illuminate\Foundation\Application), Array, Object(Closure))
#22 /home/tran.van.my/Desktop/Framgia/web/DOANTT/vendor/laravel/framework/src/Illuminate/Container/Container.php(539): Illuminate\Container\BoundMethod::call(Object(Illuminate\Foundation\Application), Array, Array, NULL)
#23 /home/tran.van.my/Desktop/Framgia/web/DOANTT/vendor/laravel/framework/src/Illuminate/Foundation/Application.php(788): Illuminate\Container\Container->call(Array)
#24 /home/tran.van.my/Desktop/Framgia/web/DOANTT/vendor/laravel/framework/src/Illuminate/Foundation/Application.php(771): Illuminate\Foundation\Application->bootProvider(Object(App\Providers\AppServiceProvider))
#25 [internal function]: Illuminate\Foundation\Application->Illuminate\Foundation\{closure}(Object(App\Providers\AppServiceProvider), 16)
#26 /home/tran.van.my/Desktop/Framgia/web/DOANTT/vendor/laravel/framework/src/Illuminate/Foundation/Application.php(772): array_walk(Array, Object(Closure))
#27 /home/tran.van.my/Desktop/Framgia/web/DOANTT/vendor/laravel/framework/src/Illuminate/Foundation/Bootstrap/BootProviders.php(17): Illuminate\Foundation\Application->boot()
#28 /home/tran.van.my/Desktop/Framgia/web/DOANTT/vendor/laravel/framework/src/Illuminate/Foundation/Application.php(208): Illuminate\Foundation\Bootstrap\BootProviders->bootstrap(Object(Illuminate\Foundation\Application))
#29 /home/tran.van.my/Desktop/Framgia/web/DOANTT/vendor/laravel/framework/src/Illuminate/Foundation/Console/Kernel.php(267): Illuminate\Foundation\Application->bootstrapWith(Array)
#30 /home/tran.van.my/Desktop/Framgia/web/DOANTT/vendor/laravel/framework/src/Illuminate/Foundation/Console/Kernel.php(114): Illuminate\Foundation\Console\Kernel->bootstrap()
#31 /home/tran.van.my/Desktop/Framgia/web/DOANTT/artisan(35): Illuminate\Foundation\Console\Kernel->handle(Object(Symfony\Component\Console\Input\ArgvInput), Object(Symfony\Component\Console\Output\ConsoleOutput))
#32 {main}

Next Doctrine\DBAL\Driver\PDOException: SQLSTATE[HY000] [2002] php_network_getaddresses: getaddrinfo failed: Name or service not known in /home/tran.van.my/Desktop/Framgia/web/DOANTT/vendor/doctrine/dbal/lib/Doctrine/DBAL/Driver/PDOConnection.php:50
Stack trace:
#0 /home/tran.van.my/Desktop/Framgia/web/DOANTT/vendor/laravel/framework/src/Illuminate/Database/Connectors/Connector.php(65): Doctrine\DBAL\Driver\PDOConnection->__construct('mysql:host=mysq...', 'root', 'root', Array)
#1 /home/tran.van.my/Desktop/Framgia/web/DOANTT/vendor/laravel/framework/src/Illuminate/Database/Connectors/Connector.php(44): Illuminate\Database\Connectors\Connector->createPdoConnection('mysql:host=mysq...', 'root', 'root', Array)
#2 /home/tran.van.my/Desktop/Framgia/web/DOANTT/vendor/laravel/framework/src/Illuminate/Database/Connectors/MySqlConnector.php(24): Illuminate\Database\Connectors\Connector->createConnection('mysql:host=mysq...', Array, Array)
#3 /home/tran.van.my/Desktop/Framgia/web/DOANTT/vendor/laravel/framework/src/Illuminate/Database/Connectors/ConnectionFactory.php(183): Illuminate\Database\Connectors\MySqlConnector->connect(Array)
#4 [internal function]: Illuminate\Database\Connectors\ConnectionFactory->Illuminate\Database\Connectors\{closure}()
#5 /home/tran.van.my/Desktop/Framgia/web/DOANTT/vendor/laravel/framework/src/Illuminate/Database/Connection.php(883): call_user_func(Object(Closure))
#6 /home/tran.van.my/Desktop/Framgia/web/DOANTT/vendor/laravel/framework/src/Illuminate/Database/Connection.php(904): Illuminate\Database\Connection->getPdo()
#7 /home/tran.van.my/Desktop/Framgia/web/DOANTT/vendor/laravel/framework/src/Illuminate/Database/Connection.php(392): Illuminate\Database\Connection->getReadPdo()
#8 /home/tran.van.my/Desktop/Framgia/web/DOANTT/vendor/laravel/framework/src/Illuminate/Database/Connection.php(318): Illuminate\Database\Connection->getPdoForSelect(true)
#9 /home/tran.van.my/Desktop/Framgia/web/DOANTT/vendor/laravel/framework/src/Illuminate/Database/Connection.php(640): Illuminate\Database\Connection->Illuminate\Database\{closure}('select * from `...', Array)
#10 /home/tran.van.my/Desktop/Framgia/web/DOANTT/vendor/laravel/framework/src/Illuminate/Database/Connection.php(607): Illuminate\Database\Connection->runQueryCallback('select * from `...', Array, Object(Closure))
#11 /home/tran.van.my/Desktop/Framgia/web/DOANTT/vendor/laravel/framework/src/Illuminate/Database/Connection.php(326): Illuminate\Database\Connection->run('select * from `...', Array, Object(Closure))
#12 /home/tran.van.my/Desktop/Framgia/web/DOANTT/vendor/laravel/framework/src/Illuminate/Database/Query/Builder.php(1705): Illuminate\Database\Connection->select('select * from `...', Array, true)
#13 /home/tran.van.my/Desktop/Framgia/web/DOANTT/vendor/laravel/framework/src/Illuminate/Database/Query/Builder.php(1690): Illuminate\Database\Query\Builder->runSelect()
#14 /home/tran.van.my/Desktop/Framgia/web/DOANTT/vendor/laravel/framework/src/Illuminate/Database/Eloquent/Builder.php(462): Illuminate\Database\Query\Builder->get(Array)
#15 /home/tran.van.my/Desktop/Framgia/web/DOANTT/vendor/laravel/framework/src/Illuminate/Database/Eloquent/Builder.php(446): Illuminate\Database\Eloquent\Builder->getModels(Array)
#16 /home/tran.van.my/Desktop/Framgia/web/DOANTT/app/Providers/AppServiceProvider.php(26): Illuminate\Database\Eloquent\Builder->get()
#17 [internal function]: App\Providers\AppServiceProvider->boot(Object(Illuminate\Http\Request))
#18 /home/tran.van.my/Desktop/Framgia/web/DOANTT/vendor/laravel/framework/src/Illuminate/Container/BoundMethod.php(29): call_user_func_array(Array, Array)
#19 /home/tran.van.my/Desktop/Framgia/web/DOANTT/vendor/laravel/framework/src/Illuminate/Container/BoundMethod.php(87): Illuminate\Container\BoundMethod::Illuminate\Container\{closure}()
#20 /home/tran.van.my/Desktop/Framgia/web/DOANTT/vendor/laravel/framework/src/Illuminate/Container/BoundMethod.php(31): Illuminate\Container\BoundMethod::callBoundMethod(Object(Illuminate\Foundation\Application), Array, Object(Closure))
#21 /home/tran.van.my/Desktop/Framgia/web/DOANTT/vendor/laravel/framework/src/Illuminate/Container/Container.php(539): Illuminate\Container\BoundMethod::call(Object(Illuminate\Foundation\Application), Array, Array, NULL)
#22 /home/tran.van.my/Desktop/Framgia/web/DOANTT/vendor/laravel/framework/src/Illuminate/Foundation/Application.php(788): Illuminate\Container\Container->call(Array)
#23 /home/tran.van.my/Desktop/Framgia/web/DOANTT/vendor/laravel/framework/src/Illuminate/Foundation/Application.php(771): Illuminate\Foundation\Application->bootProvider(Object(App\Providers\AppServiceProvider))
#24 [internal function]: Illuminate\Foundation\Application->Illuminate\Foundation\{closure}(Object(App\Providers\AppServiceProvider), 16)
#25 /home/tran.van.my/Desktop/Framgia/web/DOANTT/vendor/laravel/framework/src/Illuminate/Foundation/Application.php(772): array_walk(Array, Object(Closure))
#26 /home/tran.van.my/Desktop/Framgia/web/DOANTT/vendor/laravel/framework/src/Illuminate/Foundation/Bootstrap/BootProviders.php(17): Illuminate\Foundation\Application->boot()
#27 /home/tran.van.my/Desktop/Framgia/web/DOANTT/vendor/laravel/framework/src/Illuminate/Foundation/Application.php(208): Illuminate\Foundation\Bootstrap\BootProviders->bootstrap(Object(Illuminate\Foundation\Application))
#28 /home/tran.van.my/Desktop/Framgia/web/DOANTT/vendor/laravel/framework/src/Illuminate/Foundation/Console/Kernel.php(267): Illuminate\Foundation\Application->bootstrapWith(Array)
#29 /home/tran.van.my/Desktop/Framgia/web/DOANTT/vendor/laravel/framework/src/Illuminate/Foundation/Console/Kernel.php(114): Illuminate\Foundation\Console\Kernel->bootstrap()
#30 /home/tran.van.my/Desktop/Framgia/web/DOANTT/artisan(35): Illuminate\Foundation\Console\Kernel->handle(Object(Symfony\Component\Console\Input\ArgvInput), Object(Symfony\Component\Console\Output\ConsoleOutput))
#31 {main}  
[2019-04-08 06:41:11] local.ERROR: PDOException: PDO::__construct(): php_network_getaddresses: getaddrinfo failed: Name or service not known in /home/tran.van.my/Desktop/Framgia/web/DOANTT/vendor/doctrine/dbal/lib/Doctrine/DBAL/Driver/PDOConnection.php:46
Stack trace:
#0 /home/tran.van.my/Desktop/Framgia/web/DOANTT/vendor/doctrine/dbal/lib/Doctrine/DBAL/Driver/PDOConnection.php(46): PDO->__construct('mysql:host=mysq...', 'root', 'root', Array)
#1 /home/tran.van.my/Desktop/Framgia/web/DOANTT/vendor/laravel/framework/src/Illuminate/Database/Connectors/Connector.php(65): Doctrine\DBAL\Driver\PDOConnection->__construct('mysql:host=mysq...', 'root', 'root', Array)
#2 /home/tran.van.my/Desktop/Framgia/web/DOANTT/vendor/laravel/framework/src/Illuminate/Database/Connectors/Connector.php(44): Illuminate\Database\Connectors\Connector->createPdoConnection('mysql:host=mysq...', 'root', 'root', Array)
#3 /home/tran.van.my/Desktop/Framgia/web/DOANTT/vendor/laravel/framework/src/Illuminate/Database/Connectors/MySqlConnector.php(24): Illuminate\Database\Connectors\Connector->createConnection('mysql:host=mysq...', Array, Array)
#4 /home/tran.van.my/Desktop/Framgia/web/DOANTT/vendor/laravel/framework/src/Illuminate/Database/Connectors/ConnectionFactory.php(183): Illuminate\Database\Connectors\MySqlConnector->connect(Array)
#5 [internal function]: Illuminate\Database\Connectors\ConnectionFactory->Illuminate\Database\Connectors\{closure}()
#6 /home/tran.van.my/Desktop/Framgia/web/DOANTT/vendor/laravel/framework/src/Illuminate/Database/Connection.php(883): call_user_func(Object(Closure))
#7 /home/tran.van.my/Desktop/Framgia/web/DOANTT/vendor/laravel/framework/src/Illuminate/Database/Connection.php(904): Illuminate\Database\Connection->getPdo()
#8 /home/tran.van.my/Desktop/Framgia/web/DOANTT/vendor/laravel/framework/src/Illuminate/Database/Connection.php(392): Illuminate\Database\Connection->getReadPdo()
#9 /home/tran.van.my/Desktop/Framgia/web/DOANTT/vendor/laravel/framework/src/Illuminate/Database/Connection.php(318): Illuminate\Database\Connection->getPdoForSelect(true)
#10 /home/tran.van.my/Desktop/Framgia/web/DOANTT/vendor/laravel/framework/src/Illuminate/Database/Connection.php(640): Illuminate\Database\Connection->Illuminate\Database\{closure}('select * from `...', Array)
#11 /home/tran.van.my/Desktop/Framgia/web/DOANTT/vendor/laravel/framework/src/Illuminate/Database/Connection.php(607): Illuminate\Database\Connection->runQueryCallback('select * from `...', Array, Object(Closure))
#12 /home/tran.van.my/Desktop/Framgia/web/DOANTT/vendor/laravel/framework/src/Illuminate/Database/Connection.php(326): Illuminate\Database\Connection->run('select * from `...', Array, Object(Closure))
#13 /home/tran.van.my/Desktop/Framgia/web/DOANTT/vendor/laravel/framework/src/Illuminate/Database/Query/Builder.php(1705): Illuminate\Database\Connection->select('select * from `...', Array, true)
#14 /home/tran.van.my/Desktop/Framgia/web/DOANTT/vendor/laravel/framework/src/Illuminate/Database/Query/Builder.php(1690): Illuminate\Database\Query\Builder->runSelect()
#15 /home/tran.van.my/Desktop/Framgia/web/DOANTT/vendor/laravel/framework/src/Illuminate/Database/Eloquent/Builder.php(462): Illuminate\Database\Query\Builder->get(Array)
#16 /home/tran.van.my/Desktop/Framgia/web/DOANTT/vendor/laravel/framework/src/Illuminate/Database/Eloquent/Builder.php(446): Illuminate\Database\Eloquent\Builder->getModels(Array)
#17 /home/tran.van.my/Desktop/Framgia/web/DOANTT/app/Providers/AppServiceProvider.php(26): Illuminate\Database\Eloquent\Builder->get()
#18 [internal function]: App\Providers\AppServiceProvider->boot(Object(Illuminate\Http\Request))
#19 /home/tran.van.my/Desktop/Framgia/web/DOANTT/vendor/laravel/framework/src/Illuminate/Container/BoundMethod.php(29): call_user_func_array(Array, Array)
#20 /home/tran.van.my/Desktop/Framgia/web/DOANTT/vendor/laravel/framework/src/Illuminate/Container/BoundMethod.php(87): Illuminate\Container\BoundMethod::Illuminate\Container\{closure}()
#21 /home/tran.van.my/Desktop/Framgia/web/DOANTT/vendor/laravel/framework/src/Illuminate/Container/BoundMethod.php(31): Illuminate\Container\BoundMethod::callBoundMethod(Object(Illuminate\Foundation\Application), Array, Object(Closure))
#22 /home/tran.van.my/Desktop/Framgia/web/DOANTT/vendor/laravel/framework/src/Illuminate/Container/Container.php(539): Illuminate\Container\BoundMethod::call(Object(Illuminate\Foundation\Application), Array, Array, NULL)
#23 /home/tran.van.my/Desktop/Framgia/web/DOANTT/vendor/laravel/framework/src/Illuminate/Foundation/Application.php(788): Illuminate\Container\Container->call(Array)
#24 /home/tran.van.my/Desktop/Framgia/web/DOANTT/vendor/laravel/framework/src/Illuminate/Foundation/Application.php(771): Illuminate\Foundation\Application->bootProvider(Object(App\Providers\AppServiceProvider))
#25 [internal function]: Illuminate\Foundation\Application->Illuminate\Foundation\{closure}(Object(App\Providers\AppServiceProvider), 16)
#26 /home/tran.van.my/Desktop/Framgia/web/DOANTT/vendor/laravel/framework/src/Illuminate/Foundation/Application.php(772): array_walk(Array, Object(Closure))
#27 /home/tran.van.my/Desktop/Framgia/web/DOANTT/vendor/laravel/framework/src/Illuminate/Foundation/Bootstrap/BootProviders.php(17): Illuminate\Foundation\Application->boot()
#28 /home/tran.van.my/Desktop/Framgia/web/DOANTT/vendor/laravel/framework/src/Illuminate/Foundation/Application.php(208): Illuminate\Foundation\Bootstrap\BootProviders->bootstrap(Object(Illuminate\Foundation\Application))
#29 /home/tran.van.my/Desktop/Framgia/web/DOANTT/vendor/laravel/framework/src/Illuminate/Foundation/Console/Kernel.php(267): Illuminate\Foundation\Application->bootstrapWith(Array)
#30 /home/tran.van.my/Desktop/Framgia/web/DOANTT/vendor/laravel/framework/src/Illuminate/Foundation/Console/Kernel.php(114): Illuminate\Foundation\Console\Kernel->bootstrap()
#31 /home/tran.van.my/Desktop/Framgia/web/DOANTT/artisan(35): Illuminate\Foundation\Console\Kernel->handle(Object(Symfony\Component\Console\Input\ArgvInput), Object(Symfony\Component\Console\Output\ConsoleOutput))
#32 {main}

Next PDOException: SQLSTATE[HY000] [2002] php_network_getaddresses: getaddrinfo failed: Name or service not known in /home/tran.van.my/Desktop/Framgia/web/DOANTT/vendor/doctrine/dbal/lib/Doctrine/DBAL/Driver/PDOConnection.php:46
Stack trace:
#0 /home/tran.van.my/Desktop/Framgia/web/DOANTT/vendor/doctrine/dbal/lib/Doctrine/DBAL/Driver/PDOConnection.php(46): PDO->__construct('mysql:host=mysq...', 'root', 'root', Array)
#1 /home/tran.van.my/Desktop/Framgia/web/DOANTT/vendor/laravel/framework/src/Illuminate/Database/Connectors/Connector.php(65): Doctrine\DBAL\Driver\PDOConnection->__construct('mysql:host=mysq...', 'root', 'root', Array)
#2 /home/tran.van.my/Desktop/Framgia/web/DOANTT/vendor/laravel/framework/src/Illuminate/Database/Connectors/Connector.php(44): Illuminate\Database\Connectors\Connector->createPdoConnection('mysql:host=mysq...', 'root', 'root', Array)
#3 /home/tran.van.my/Desktop/Framgia/web/DOANTT/vendor/laravel/framework/src/Illuminate/Database/Connectors/MySqlConnector.php(24): Illuminate\Database\Connectors\Connector->createConnection('mysql:host=mysq...', Array, Array)
#4 /home/tran.van.my/Desktop/Framgia/web/DOANTT/vendor/laravel/framework/src/Illuminate/Database/Connectors/ConnectionFactory.php(183): Illuminate\Database\Connectors\MySqlConnector->connect(Array)
#5 [internal function]: Illuminate\Database\Connectors\ConnectionFactory->Illuminate\Database\Connectors\{closure}()
#6 /home/tran.van.my/Desktop/Framgia/web/DOANTT/vendor/laravel/framework/src/Illuminate/Database/Connection.php(883): call_user_func(Object(Closure))
#7 /home/tran.van.my/Desktop/Framgia/web/DOANTT/vendor/laravel/framework/src/Illuminate/Database/Connection.php(904): Illuminate\Database\Connection->getPdo()
#8 /home/tran.van.my/Desktop/Framgia/web/DOANTT/vendor/laravel/framework/src/Illuminate/Database/Connection.php(392): Illuminate\Database\Connection->getReadPdo()
#9 /home/tran.van.my/Desktop/Framgia/web/DOANTT/vendor/laravel/framework/src/Illuminate/Database/Connection.php(318): Illuminate\Database\Connection->getPdoForSelect(true)
#10 /home/tran.van.my/Desktop/Framgia/web/DOANTT/vendor/laravel/framework/src/Illuminate/Database/Connection.php(640): Illuminate\Database\Connection->Illuminate\Database\{closure}('select * from `...', Array)
#11 /home/tran.van.my/Desktop/Framgia/web/DOANTT/vendor/laravel/framework/src/Illuminate/Database/Connection.php(607): Illuminate\Database\Connection->runQueryCallback('select * from `...', Array, Object(Closure))
#12 /home/tran.van.my/Desktop/Framgia/web/DOANTT/vendor/laravel/framework/src/Illuminate/Database/Connection.php(326): Illuminate\Database\Connection->run('select * from `...', Array, Object(Closure))
#13 /home/tran.van.my/Desktop/Framgia/web/DOANTT/vendor/laravel/framework/src/Illuminate/Database/Query/Builder.php(1705): Illuminate\Database\Connection->select('select * from `...', Array, true)
#14 /home/tran.van.my/Desktop/Framgia/web/DOANTT/vendor/laravel/framework/src/Illuminate/Database/Query/Builder.php(1690): Illuminate\Database\Query\Builder->runSelect()
#15 /home/tran.van.my/Desktop/Framgia/web/DOANTT/vendor/laravel/framework/src/Illuminate/Database/Eloquent/Builder.php(462): Illuminate\Database\Query\Builder->get(Array)
#16 /home/tran.van.my/Desktop/Framgia/web/DOANTT/vendor/laravel/framework/src/Illuminate/Database/Eloquent/Builder.php(446): Illuminate\Database\Eloquent\Builder->getModels(Array)
#17 /home/tran.van.my/Desktop/Framgia/web/DOANTT/app/Providers/AppServiceProvider.php(26): Illuminate\Database\Eloquent\Builder->get()
#18 [internal function]: App\Providers\AppServiceProvider->boot(Object(Illuminate\Http\Request))
#19 /home/tran.van.my/Desktop/Framgia/web/DOANTT/vendor/laravel/framework/src/Illuminate/Container/BoundMethod.php(29): call_user_func_array(Array, Array)
#20 /home/tran.van.my/Desktop/Framgia/web/DOANTT/vendor/laravel/framework/src/Illuminate/Container/BoundMethod.php(87): Illuminate\Container\BoundMethod::Illuminate\Container\{closure}()
#21 /home/tran.van.my/Desktop/Framgia/web/DOANTT/vendor/laravel/framework/src/Illuminate/Container/BoundMethod.php(31): Illuminate\Container\BoundMethod::callBoundMethod(Object(Illuminate\Foundation\Application), Array, Object(Closure))
#22 /home/tran.van.my/Desktop/Framgia/web/DOANTT/vendor/laravel/framework/src/Illuminate/Container/Container.php(539): Illuminate\Container\BoundMethod::call(Object(Illuminate\Foundation\Application), Array, Array, NULL)
#23 /home/tran.van.my/Desktop/Framgia/web/DOANTT/vendor/laravel/framework/src/Illuminate/Foundation/Application.php(788): Illuminate\Container\Container->call(Array)
#24 /home/tran.van.my/Desktop/Framgia/web/DOANTT/vendor/laravel/framework/src/Illuminate/Foundation/Application.php(771): Illuminate\Foundation\Application->bootProvider(Object(App\Providers\AppServiceProvider))
#25 [internal function]: Illuminate\Foundation\Application->Illuminate\Foundation\{closure}(Object(App\Providers\AppServiceProvider), 16)
#26 /home/tran.van.my/Desktop/Framgia/web/DOANTT/vendor/laravel/framework/src/Illuminate/Foundation/Application.php(772): array_walk(Array, Object(Closure))
#27 /home/tran.van.my/Desktop/Framgia/web/DOANTT/vendor/laravel/framework/src/Illuminate/Foundation/Bootstrap/BootProviders.php(17): Illuminate\Foundation\Application->boot()
#28 /home/tran.van.my/Desktop/Framgia/web/DOANTT/vendor/laravel/framework/src/Illuminate/Foundation/Application.php(208): Illuminate\Foundation\Bootstrap\BootProviders->bootstrap(Object(Illuminate\Foundation\Application))
#29 /home/tran.van.my/Desktop/Framgia/web/DOANTT/vendor/laravel/framework/src/Illuminate/Foundation/Console/Kernel.php(267): Illuminate\Foundation\Application->bootstrapWith(Array)
#30 /home/tran.van.my/Desktop/Framgia/web/DOANTT/vendor/laravel/framework/src/Illuminate/Foundation/Console/Kernel.php(114): Illuminate\Foundation\Console\Kernel->bootstrap()
#31 /home/tran.van.my/Desktop/Framgia/web/DOANTT/artisan(35): Illuminate\Foundation\Console\Kernel->handle(Object(Symfony\Component\Console\Input\ArgvInput), Object(Symfony\Component\Console\Output\ConsoleOutput))
#32 {main}

Next Doctrine\DBAL\Driver\PDOException: SQLSTATE[HY000] [2002] php_network_getaddresses: getaddrinfo failed: Name or service not known in /home/tran.van.my/Desktop/Framgia/web/DOANTT/vendor/doctrine/dbal/lib/Doctrine/DBAL/Driver/PDOConnection.php:50
Stack trace:
#0 /home/tran.van.my/Desktop/Framgia/web/DOANTT/vendor/laravel/framework/src/Illuminate/Database/Connectors/Connector.php(65): Doctrine\DBAL\Driver\PDOConnection->__construct('mysql:host=mysq...', 'root', 'root', Array)
#1 /home/tran.van.my/Desktop/Framgia/web/DOANTT/vendor/laravel/framework/src/Illuminate/Database/Connectors/Connector.php(44): Illuminate\Database\Connectors\Connector->createPdoConnection('mysql:host=mysq...', 'root', 'root', Array)
#2 /home/tran.van.my/Desktop/Framgia/web/DOANTT/vendor/laravel/framework/src/Illuminate/Database/Connectors/MySqlConnector.php(24): Illuminate\Database\Connectors\Connector->createConnection('mysql:host=mysq...', Array, Array)
#3 /home/tran.van.my/Desktop/Framgia/web/DOANTT/vendor/laravel/framework/src/Illuminate/Database/Connectors/ConnectionFactory.php(183): Illuminate\Database\Connectors\MySqlConnector->connect(Array)
#4 [internal function]: Illuminate\Database\Connectors\ConnectionFactory->Illuminate\Database\Connectors\{closure}()
#5 /home/tran.van.my/Desktop/Framgia/web/DOANTT/vendor/laravel/framework/src/Illuminate/Database/Connection.php(883): call_user_func(Object(Closure))
#6 /home/tran.van.my/Desktop/Framgia/web/DOANTT/vendor/laravel/framework/src/Illuminate/Database/Connection.php(904): Illuminate\Database\Connection->getPdo()
#7 /home/tran.van.my/Desktop/Framgia/web/DOANTT/vendor/laravel/framework/src/Illuminate/Database/Connection.php(392): Illuminate\Database\Connection->getReadPdo()
#8 /home/tran.van.my/Desktop/Framgia/web/DOANTT/vendor/laravel/framework/src/Illuminate/Database/Connection.php(318): Illuminate\Database\Connection->getPdoForSelect(true)
#9 /home/tran.van.my/Desktop/Framgia/web/DOANTT/vendor/laravel/framework/src/Illuminate/Database/Connection.php(640): Illuminate\Database\Connection->Illuminate\Database\{closure}('select * from `...', Array)
#10 /home/tran.van.my/Desktop/Framgia/web/DOANTT/vendor/laravel/framework/src/Illuminate/Database/Connection.php(607): Illuminate\Database\Connection->runQueryCallback('select * from `...', Array, Object(Closure))
#11 /home/tran.van.my/Desktop/Framgia/web/DOANTT/vendor/laravel/framework/src/Illuminate/Database/Connection.php(326): Illuminate\Database\Connection->run('select * from `...', Array, Object(Closure))
#12 /home/tran.van.my/Desktop/Framgia/web/DOANTT/vendor/laravel/framework/src/Illuminate/Database/Query/Builder.php(1705): Illuminate\Database\Connection->select('select * from `...', Array, true)
#13 /home/tran.van.my/Desktop/Framgia/web/DOANTT/vendor/laravel/framework/src/Illuminate/Database/Query/Builder.php(1690): Illuminate\Database\Query\Builder->runSelect()
#14 /home/tran.van.my/Desktop/Framgia/web/DOANTT/vendor/laravel/framework/src/Illuminate/Database/Eloquent/Builder.php(462): Illuminate\Database\Query\Builder->get(Array)
#15 /home/tran.van.my/Desktop/Framgia/web/DOANTT/vendor/laravel/framework/src/Illuminate/Database/Eloquent/Builder.php(446): Illuminate\Database\Eloquent\Builder->getModels(Array)
#16 /home/tran.van.my/Desktop/Framgia/web/DOANTT/app/Providers/AppServiceProvider.php(26): Illuminate\Database\Eloquent\Builder->get()
#17 [internal function]: App\Providers\AppServiceProvider->boot(Object(Illuminate\Http\Request))
#18 /home/tran.van.my/Desktop/Framgia/web/DOANTT/vendor/laravel/framework/src/Illuminate/Container/BoundMethod.php(29): call_user_func_array(Array, Array)
#19 /home/tran.van.my/Desktop/Framgia/web/DOANTT/vendor/laravel/framework/src/Illuminate/Container/BoundMethod.php(87): Illuminate\Container\BoundMethod::Illuminate\Container\{closure}()
#20 /home/tran.van.my/Desktop/Framgia/web/DOANTT/vendor/laravel/framework/src/Illuminate/Container/BoundMethod.php(31): Illuminate\Container\BoundMethod::callBoundMethod(Object(Illuminate\Foundation\Application), Array, Object(Closure))
#21 /home/tran.van.my/Desktop/Framgia/web/DOANTT/vendor/laravel/framework/src/Illuminate/Container/Container.php(539): Illuminate\Container\BoundMethod::call(Object(Illuminate\Foundation\Application), Array, Array, NULL)
#22 /home/tran.van.my/Desktop/Framgia/web/DOANTT/vendor/laravel/framework/src/Illuminate/Foundation/Application.php(788): Illuminate\Container\Container->call(Array)
#23 /home/tran.van.my/Desktop/Framgia/web/DOANTT/vendor/laravel/framework/src/Illuminate/Foundation/Application.php(771): Illuminate\Foundation\Application->bootProvider(Object(App\Providers\AppServiceProvider))
#24 [internal function]: Illuminate\Foundation\Application->Illuminate\Foundation\{closure}(Object(App\Providers\AppServiceProvider), 16)
#25 /home/tran.van.my/Desktop/Framgia/web/DOANTT/vendor/laravel/framework/src/Illuminate/Foundation/Application.php(772): array_walk(Array, Object(Closure))
#26 /home/tran.van.my/Desktop/Framgia/web/DOANTT/vendor/laravel/framework/src/Illuminate/Foundation/Bootstrap/BootProviders.php(17): Illuminate\Foundation\Application->boot()
#27 /home/tran.van.my/Desktop/Framgia/web/DOANTT/vendor/laravel/framework/src/Illuminate/Foundation/Application.php(208): Illuminate\Foundation\Bootstrap\BootProviders->bootstrap(Object(Illuminate\Foundation\Application))
#28 /home/tran.van.my/Desktop/Framgia/web/DOANTT/vendor/laravel/framework/src/Illuminate/Foundation/Console/Kernel.php(267): Illuminate\Foundation\Application->bootstrapWith(Array)
#29 /home/tran.van.my/Desktop/Framgia/web/DOANTT/vendor/laravel/framework/src/Illuminate/Foundation/Console/Kernel.php(114): Illuminate\Foundation\Console\Kernel->bootstrap()
#30 /home/tran.van.my/Desktop/Framgia/web/DOANTT/artisan(35): Illuminate\Foundation\Console\Kernel->handle(Object(Symfony\Component\Console\Input\ArgvInput), Object(Symfony\Component\Console\Output\ConsoleOutput))
#31 {main}

Next Illuminate\Database\QueryException: SQLSTATE[HY000] [2002] php_network_getaddresses: getaddrinfo failed: Name or service not known (SQL: select * from `posts` where `status` = 2 order by `id` desc limit 6) in /home/tran.van.my/Desktop/Framgia/web/DOANTT/vendor/laravel/framework/src/Illuminate/Database/Connection.php:647
Stack trace:
#0 /home/tran.van.my/Desktop/Framgia/web/DOANTT/vendor/laravel/framework/src/Illuminate/Database/Connection.php(607): Illuminate\Database\Connection->runQueryCallback('select * from `...', Array, Object(Closure))
#1 /home/tran.van.my/Desktop/Framgia/web/DOANTT/vendor/laravel/framework/src/Illuminate/Database/Connection.php(326): Illuminate\Database\Connection->run('select * from `...', Array, Object(Closure))
#2 /home/tran.van.my/Desktop/Framgia/web/DOANTT/vendor/laravel/framework/src/Illuminate/Database/Query/Builder.php(1705): Illuminate\Database\Connection->select('select * from `...', Array, true)
#3 /home/tran.van.my/Desktop/Framgia/web/DOANTT/vendor/laravel/framework/src/Illuminate/Database/Query/Builder.php(1690): Illuminate\Database\Query\Builder->runSelect()
#4 /home/tran.van.my/Desktop/Framgia/web/DOANTT/vendor/laravel/framework/src/Illuminate/Database/Eloquent/Builder.php(462): Illuminate\Database\Query\Builder->get(Array)
#5 /home/tran.van.my/Desktop/Framgia/web/DOANTT/vendor/laravel/framework/src/Illuminate/Database/Eloquent/Builder.php(446): Illuminate\Database\Eloquent\Builder->getModels(Array)
#6 /home/tran.van.my/Desktop/Framgia/web/DOANTT/app/Providers/AppServiceProvider.php(26): Illuminate\Database\Eloquent\Builder->get()
#7 [internal function]: App\Providers\AppServiceProvider->boot(Object(Illuminate\Http\Request))
#8 /home/tran.van.my/Desktop/Framgia/web/DOANTT/vendor/laravel/framework/src/Illuminate/Container/BoundMethod.php(29): call_user_func_array(Array, Array)
#9 /home/tran.van.my/Desktop/Framgia/web/DOANTT/vendor/laravel/framework/src/Illuminate/Container/BoundMethod.php(87): Illuminate\Container\BoundMethod::Illuminate\Container\{closure}()
#10 /home/tran.van.my/Desktop/Framgia/web/DOANTT/vendor/laravel/framework/src/Illuminate/Container/BoundMethod.php(31): Illuminate\Container\BoundMethod::callBoundMethod(Object(Illuminate\Foundation\Application), Array, Object(Closure))
#11 /home/tran.van.my/Desktop/Framgia/web/DOANTT/vendor/laravel/framework/src/Illuminate/Container/Container.php(539): Illuminate\Container\BoundMethod::call(Object(Illuminate\Foundation\Application), Array, Array, NULL)
#12 /home/tran.van.my/Desktop/Framgia/web/DOANTT/vendor/laravel/framework/src/Illuminate/Foundation/Application.php(788): Illuminate\Container\Container->call(Array)
#13 /home/tran.van.my/Desktop/Framgia/web/DOANTT/vendor/laravel/framework/src/Illuminate/Foundation/Application.php(771): Illuminate\Foundation\Application->bootProvider(Object(App\Providers\AppServiceProvider))
#14 [internal function]: Illuminate\Foundation\Application->Illuminate\Foundation\{closure}(Object(App\Providers\AppServiceProvider), 16)
#15 /home/tran.van.my/Desktop/Framgia/web/DOANTT/vendor/laravel/framework/src/Illuminate/Foundation/Application.php(772): array_walk(Array, Object(Closure))
#16 /home/tran.van.my/Desktop/Framgia/web/DOANTT/vendor/laravel/framework/src/Illuminate/Foundation/Bootstrap/BootProviders.php(17): Illuminate\Foundation\Application->boot()
#17 /home/tran.van.my/Desktop/Framgia/web/DOANTT/vendor/laravel/framework/src/Illuminate/Foundation/Application.php(208): Illuminate\Foundation\Bootstrap\BootProviders->bootstrap(Object(Illuminate\Foundation\Application))
#18 /home/tran.van.my/Desktop/Framgia/web/DOANTT/vendor/laravel/framework/src/Illuminate/Foundation/Console/Kernel.php(267): Illuminate\Foundation\Application->bootstrapWith(Array)
#19 /home/tran.van.my/Desktop/Framgia/web/DOANTT/vendor/laravel/framework/src/Illuminate/Foundation/Console/Kernel.php(114): Illuminate\Foundation\Console\Kernel->bootstrap()
#20 /home/tran.van.my/Desktop/Framgia/web/DOANTT/artisan(35): Illuminate\Foundation\Console\Kernel->handle(Object(Symfony\Component\Console\Input\ArgvInput), Object(Symfony\Component\Console\Output\ConsoleOutput))
#21 {main}  
